<?xml version="1.0" encoding="UTF-8"?>
<!-- Generated by org.testng.reporters.JUnitXMLReporter -->
<testsuite ignored="0" hostname="LAPTOP-1IDFHBIG" failures="0" tests="3" name="Surefire test" time="96.524" errors="0" timestamp="2024-12-02T12:59:58 IST">
  <testcase classname="com.project.com.test.TestClass1" name="Test1" time="8.406"/>
  <testcase classname="com.project.com.test.TestClass1" name="Test2" time="46.059"/>
  <testcase classname="com.project.com.test.TestClass1" name="Test3" time="32.378"/>
</testsuite> <!-- Surefire test -->
