<?xml version="1.0" encoding="UTF-8"?>
<testng-results ignored="0" total="3" passed="3" failed="0" skipped="0">
  <reporter-output>
  </reporter-output>
  <suite started-at="2024-12-02T12:58:21 IST" name="Surefire suite" finished-at="2024-12-02T12:59:58 IST" duration-ms="96524">
    <groups>
    </groups>
    <test started-at="2024-12-02T12:58:21 IST" name="Surefire test" finished-at="2024-12-02T12:59:58 IST" duration-ms="96524">
      <class name="com.project.com.test.TestClass1">
        <test-method is-config="true" signature="LounchBrowser()[pri:0, instance:com.project.com.test.TestClass1@3bf9ce3e]" started-at="2024-12-02T12:58:21 IST" name="LounchBrowser" finished-at="2024-12-02T12:58:25 IST" duration-ms="3278" status="PASS">
          <reporter-output>
          </reporter-output>
        </test-method> <!-- LounchBrowser -->
        <test-method signature="Test1()[pri:0, instance:com.project.com.test.TestClass1@3bf9ce3e]" started-at="2024-12-02T12:58:25 IST" name="Test1" finished-at="2024-12-02T12:58:33 IST" duration-ms="8406" status="PASS">
          <reporter-output>
          </reporter-output>
        </test-method> <!-- Test1 -->
        <test-method is-config="true" signature="closebrowser()[pri:0, instance:com.project.com.test.TestClass1@3bf9ce3e]" started-at="2024-12-02T12:58:33 IST" name="closebrowser" finished-at="2024-12-02T12:58:34 IST" duration-ms="534" status="PASS">
          <reporter-output>
          </reporter-output>
        </test-method> <!-- closebrowser -->
        <test-method is-config="true" signature="LounchBrowser()[pri:0, instance:com.project.com.test.TestClass1@3bf9ce3e]" started-at="2024-12-02T12:58:34 IST" name="LounchBrowser" finished-at="2024-12-02T12:58:36 IST" duration-ms="2587" status="PASS">
          <reporter-output>
          </reporter-output>
        </test-method> <!-- LounchBrowser -->
        <test-method signature="Test2()[pri:0, instance:com.project.com.test.TestClass1@3bf9ce3e]" started-at="2024-12-02T12:58:36 IST" name="Test2" finished-at="2024-12-02T12:59:22 IST" duration-ms="46059" status="PASS">
          <reporter-output>
          </reporter-output>
        </test-method> <!-- Test2 -->
        <test-method is-config="true" signature="closebrowser()[pri:0, instance:com.project.com.test.TestClass1@3bf9ce3e]" started-at="2024-12-02T12:59:22 IST" name="closebrowser" finished-at="2024-12-02T12:59:22 IST" duration-ms="211" status="PASS">
          <reporter-output>
          </reporter-output>
        </test-method> <!-- closebrowser -->
        <test-method is-config="true" signature="LounchBrowser()[pri:0, instance:com.project.com.test.TestClass1@3bf9ce3e]" started-at="2024-12-02T12:59:22 IST" name="LounchBrowser" finished-at="2024-12-02T12:59:25 IST" duration-ms="2554" status="PASS">
          <reporter-output>
          </reporter-output>
        </test-method> <!-- LounchBrowser -->
        <test-method signature="Test3()[pri:0, instance:com.project.com.test.TestClass1@3bf9ce3e]" started-at="2024-12-02T12:59:25 IST" name="Test3" finished-at="2024-12-02T12:59:57 IST" duration-ms="32378" status="PASS">
          <reporter-output>
          </reporter-output>
        </test-method> <!-- Test3 -->
        <test-method is-config="true" signature="closebrowser()[pri:0, instance:com.project.com.test.TestClass1@3bf9ce3e]" started-at="2024-12-02T12:59:57 IST" name="closebrowser" finished-at="2024-12-02T12:59:58 IST" duration-ms="461" status="PASS">
          <reporter-output>
          </reporter-output>
        </test-method> <!-- closebrowser -->
      </class> <!-- com.project.com.test.TestClass1 -->
    </test> <!-- Surefire test -->
  </suite> <!-- Surefire suite -->
</testng-results>
