<?xml version="1.0" encoding="UTF-8"?>
<testsuite xmlns:xsi="http://www.w3.org/2001/XMLSchema-instance" xsi:noNamespaceSchemaLocation="https://maven.apache.org/surefire/maven-surefire-plugin/xsd/surefire-test-report-3.0.xsd" version="3.0" name="com.project.com.test.TestClass1" time="97.017" tests="3" errors="0" skipped="0" failures="0">
  <properties>
[...]
</properties>
  <testcase name="Test1" classname="com.project.com.test.TestClass1" time="8.413">
    <system-out><![CDATA[test1AutomationTalks - Learn Automation Testing
]]></system-out>
    <system-err><![CDATA[SLF4J: Failed to load class "org.slf4j.impl.StaticLoggerBinder".
SLF4J: Defaulting to no-operation (NOP) logger implementation
SLF4J: See http://www.slf4j.org/codes.html#StaticLoggerBinder for further details.
Dec 02, 2024 12:58:25 PM org.openqa.selenium.devtools.CdpVersionFinder findNearestMatch
WARNING: Unable to find an exact match for CDP version 131, returning the closest version; found: 130; Please update to a Selenium version that supports CDP version 131
]]></system-err>
  </testcase>
  <testcase name="Test2" classname="com.project.com.test.TestClass1" time="45.999">
    <system-out><![CDATA[test2AutomationTalks - Learn Automation Testing
]]></system-out>
    <system-err><![CDATA[Dec 02, 2024 12:58:36 PM org.openqa.selenium.devtools.CdpVersionFinder findNearestMatch
WARNING: Unable to find an exact match for CDP version 131, returning the closest version; found: 130; Please update to a Selenium version that supports CDP version 131
]]></system-err>
  </testcase>
  <testcase name="Test3" classname="com.project.com.test.TestClass1" time="32.614">
    <system-out><![CDATA[test3AutomationTalks - Learn Automation Testing
]]></system-out>
    <system-err><![CDATA[Dec 02, 2024 12:59:25 PM org.openqa.selenium.devtools.CdpVersionFinder findNearestMatch
WARNING: Unable to find an exact match for CDP version 131, returning the closest version; found: 130; Please update to a Selenium version that supports CDP version 131
]]></system-err>
  </testcase>
</testsuite>